scripts/seed-real-data.ts(833,39): error TS2769: No overload matches this call.
  Overload 1 of 2, '(value: { quantity: number | SQL<unknown> | Placeholder<string, any>; ticketId: string | SQL<unknown> | Placeholder<string, any>; materialId: string | SQL<unknown> | Placeholder<...>; ... 5 more ...; unitPrice?: string | ... 2 more ... | undefined; }): PgInsertBase<...>', gave the following error.
    Argument of type '{ companyId: string | null; ticketId: string; materialId: string; quantity: string; unitPrice: string; amount: string; }[]' is not assignable to parameter of type '{ quantity: number | SQL<unknown> | Placeholder<string, any>; ticketId: string | SQL<unknown> | Placeholder<string, any>; materialId: string | SQL<unknown> | Placeholder<...>; ... 5 more ...; unitPrice?: string | ... 2 more ... | undefined; }'.
      Type '{ companyId: string | null; ticketId: string; materialId: string; quantity: string; unitPrice: string; amount: string; }[]' is missing the following properties from type '{ quantity: number | SQL<unknown> | Placeholder<string, any>; ticketId: string | SQL<unknown> | Placeholder<string, any>; materialId: string | SQL<unknown> | Placeholder<...>; ... 5 more ...; unitPrice?: string | ... 2 more ... | undefined; }': quantity, ticketId, materialId
  Overload 2 of 2, '(values: { quantity: number | SQL<unknown> | Placeholder<string, any>; ticketId: string | SQL<unknown> | Placeholder<string, any>; materialId: string | SQL<unknown> | Placeholder<...>; ... 5 more ...; unitPrice?: string | ... 2 more ... | undefined; }[]): PgInsertBase<...>', gave the following error.
    Type 'string' is not assignable to type 'number | SQL<unknown> | Placeholder<string, any>'.
src/features/finance/vat-invoice-form-dialog.tsx(48,5): error TS2322: Type 'Resolver<{ code: string; type: "inbound" | "outbound"; amount: unknown; vatAmount: unknown; totalAmount: unknown; issueDate: string; customerId?: string | null | undefined; supplierId?: string | null | undefined; vatRate?: unknown; status?: "draft" | ... 2 more ... | undefined; }, any, { ...; }>' is not assignable to type 'Resolver<{ code: string; type: "inbound" | "outbound"; amount: number; vatRate: number; vatAmount: number; totalAmount: number; issueDate: string; status: "draft" | "cancelled" | "issued"; customerId?: string | ... 1 more ... | undefined; supplierId?: string | ... 1 more ... | undefined; }, any, { ...; }>'.
  Types of parameters 'options' and 'options' are incompatible.
    Type 'ResolverOptions<{ code: string; type: "inbound" | "outbound"; amount: number; vatRate: number; vatAmount: number; totalAmount: number; issueDate: string; status: "draft" | "cancelled" | "issued"; customerId?: string | ... 1 more ... | undefined; supplierId?: string | ... 1 more ... | undefined; }>' is not assignable to type 'ResolverOptions<{ code: string; type: "inbound" | "outbound"; amount: unknown; vatAmount: unknown; totalAmount: unknown; issueDate: string; customerId?: string | null | undefined; supplierId?: string | null | undefined; vatRate?: unknown; status?: "draft" | ... 2 more ... | undefined; }>'.
      Type 'unknown' is not assignable to type 'number'.
src/features/finance/vat-invoice-form-dialog.tsx(69,15): error TS2339: Property 'data' does not exist on type '{ sources: { id: string; name: string; deletedAt: Date | null; companyId: string | null; }[]; statuses: { id: string; name: string; deletedAt: Date | null; companyId: string | null; color: string; sortOrder: number; }[]; assignees: { ...; }[]; }'.
src/features/finance/vat-invoice-form-dialog.tsx(137,45): error TS2345: Argument of type '(data: { code: string; type: "inbound" | "outbound"; amount: number; vatRate: number; vatAmount: number; totalAmount: number; issueDate: string; status: "draft" | "cancelled" | "issued"; customerId?: string | ... 1 more ... | undefined; supplierId?: string | ... 1 more ... | undefined; }) => Promise<...>' is not assignable to parameter of type 'SubmitHandler<TFieldValues>'.
  Types of parameters 'data' and 'data' are incompatible.
    Type 'TFieldValues' is not assignable to type '{ code: string; type: "inbound" | "outbound"; amount: number; vatRate: number; vatAmount: number; totalAmount: number; issueDate: string; status: "draft" | "cancelled" | "issued"; customerId?: string | ... 1 more ... | undefined; supplierId?: string | ... 1 more ... | undefined; }'.
      Type 'FieldValues' is missing the following properties from type '{ code: string; type: "inbound" | "outbound"; amount: number; vatRate: number; vatAmount: number; totalAmount: number; issueDate: string; status: "draft" | "cancelled" | "issued"; customerId?: string | ... 1 more ... | undefined; supplierId?: string | ... 1 more ... | undefined; }': code, type, amount, vatRate, and 4 more.
src/features/reminders/reminder-form-dialog.tsx(47,5): error TS2322: Type 'Resolver<{ title: string; reminderDate: string; description?: string | undefined; priority?: "normal" | "low" | "high" | "urgent" | undefined; status?: "pending" | "completed" | "cancelled" | "overdue" | "today" | undefined; notes?: string | undefined; }, any, { ...; }>' is not assignable to type 'Resolver<{ title: string; reminderDate: string; priority: "normal" | "low" | "high" | "urgent"; status: "pending" | "completed" | "cancelled" | "overdue" | "today"; description?: string | undefined; notes?: string | undefined; }, any, { ...; }>'.
  Types of parameters 'options' and 'options' are incompatible.
    Type 'ResolverOptions<{ title: string; reminderDate: string; priority: "normal" | "low" | "high" | "urgent"; status: "pending" | "completed" | "cancelled" | "overdue" | "today"; description?: string | undefined; notes?: string | undefined; }>' is not assignable to type 'ResolverOptions<{ title: string; reminderDate: string; description?: string | undefined; priority?: "normal" | "low" | "high" | "urgent" | undefined; status?: "pending" | "completed" | "cancelled" | "overdue" | "today" | undefined; notes?: string | undefined; }>'.
      Type '"normal" | "low" | "high" | "urgent" | undefined' is not assignable to type '"normal" | "low" | "high" | "urgent"'.
        Type 'undefined' is not assignable to type '"normal" | "low" | "high" | "urgent"'.
src/features/reminders/reminder-form-dialog.tsx(106,45): error TS2345: Argument of type '(data: { title: string; reminderDate: string; priority: "normal" | "low" | "high" | "urgent"; status: "pending" | "completed" | "cancelled" | "overdue" | "today"; description?: string | undefined; notes?: string | undefined; }) => Promise<...>' is not assignable to parameter of type 'SubmitHandler<TFieldValues>'.
  Types of parameters 'data' and 'data' are incompatible.
    Type 'TFieldValues' is not assignable to type '{ title: string; reminderDate: string; priority: "normal" | "low" | "high" | "urgent"; status: "pending" | "completed" | "cancelled" | "overdue" | "today"; description?: string | undefined; notes?: string | undefined; }'.
      Type 'FieldValues' is missing the following properties from type '{ title: string; reminderDate: string; priority: "normal" | "low" | "high" | "urgent"; status: "pending" | "completed" | "cancelled" | "overdue" | "today"; description?: string | undefined; notes?: string | undefined; }': title, reminderDate, priority, status
src/features/tasks/client-tasks-table.tsx(25,37): error TS2307: Cannot find module '@/components/shared/data-table-pagination' or its corresponding type declarations.
src/features/tasks/task-form-dialog.tsx(49,5): error TS2322: Type 'Resolver<{ title: string; assignedTo: string; description?: string | undefined; priority?: "normal" | "low" | "high" | "urgent" | undefined; status?: "new" | "in_progress" | "paused" | "completed" | "cancelled" | "overdue" | "waiting" | undefined; progress?: number | undefined; startDate?: string | ... 1 more ... | ...' is not assignable to type 'Resolver<{ title: string; priority: "normal" | "low" | "high" | "urgent"; status: "new" | "in_progress" | "paused" | "completed" | "cancelled" | "overdue" | "waiting"; progress: number; assignedTo: string; description?: string | undefined; startDate?: string | ... 1 more ... | undefined; dueDate?: string | ... 1 mor...'.
  Types of parameters 'options' and 'options' are incompatible.
    Type 'ResolverOptions<{ title: string; priority: "normal" | "low" | "high" | "urgent"; status: "new" | "in_progress" | "paused" | "completed" | "cancelled" | "overdue" | "waiting"; progress: number; assignedTo: string; description?: string | undefined; startDate?: string | ... 1 more ... | undefined; dueDate?: string | .....' is not assignable to type 'ResolverOptions<{ title: string; assignedTo: string; description?: string | undefined; priority?: "normal" | "low" | "high" | "urgent" | undefined; status?: "new" | "in_progress" | "paused" | "completed" | "cancelled" | "overdue" | "waiting" | undefined; progress?: number | undefined; startDate?: string | ... 1 more...'.
      Type '"normal" | "low" | "high" | "urgent" | undefined' is not assignable to type '"normal" | "low" | "high" | "urgent"'.
        Type 'undefined' is not assignable to type '"normal" | "low" | "high" | "urgent"'.
src/features/tasks/task-form-dialog.tsx(122,45): error TS2345: Argument of type '(data: { title: string; priority: "normal" | "low" | "high" | "urgent"; status: "new" | "in_progress" | "paused" | "completed" | "cancelled" | "overdue" | "waiting"; progress: number; assignedTo: string; description?: string | undefined; startDate?: string | ... 1 more ... | undefined; dueDate?: string | ... 1 more ...' is not assignable to parameter of type 'SubmitHandler<TFieldValues>'.
  Types of parameters 'data' and 'data' are incompatible.
    Type 'TFieldValues' is not assignable to type '{ title: string; priority: "normal" | "low" | "high" | "urgent"; status: "new" | "in_progress" | "paused" | "completed" | "cancelled" | "overdue" | "waiting"; progress: number; assignedTo: string; description?: string | undefined; startDate?: string | ... 1 more ... | undefined; dueDate?: string | ... 1 more ... | u...'.
      Type 'FieldValues' is missing the following properties from type '{ title: string; priority: "normal" | "low" | "high" | "urgent"; status: "new" | "in_progress" | "paused" | "completed" | "cancelled" | "overdue" | "waiting"; progress: number; assignedTo: string; description?: string | undefined; startDate?: string | ... 1 more ... | undefined; dueDate?: string | ... 1 more ... | u...': title, priority, status, progress, assignedTo
src/features/workers/worker-form-dialog.tsx(47,5): error TS2322: Type 'Resolver<{ name: string; phone?: string | null | undefined; idNumber?: string | null | undefined; roleId?: string | null | undefined; dailyRate?: unknown; isActive?: boolean | undefined; }, any, { name: string; ... 4 more ...; roleId?: string | ... 1 more ... | undefined; }>' is not assignable to type 'Resolver<{ name: string; dailyRate: number; isActive: boolean; phone?: string | null | undefined; idNumber?: string | null | undefined; roleId?: string | null | undefined; }, any, { name: string; ... 4 more ...; roleId?: string | ... 1 more ... | undefined; }>'.
  Types of parameters 'options' and 'options' are incompatible.
    Type 'ResolverOptions<{ name: string; dailyRate: number; isActive: boolean; phone?: string | null | undefined; idNumber?: string | null | undefined; roleId?: string | null | undefined; }>' is not assignable to type 'ResolverOptions<{ name: string; phone?: string | null | undefined; idNumber?: string | null | undefined; roleId?: string | null | undefined; dailyRate?: unknown; isActive?: boolean | undefined; }>'.
      Type 'unknown' is not assignable to type 'number'.
src/features/workers/worker-form-dialog.tsx(114,45): error TS2345: Argument of type '(data: { name: string; dailyRate: number; isActive: boolean; phone?: string | null | undefined; idNumber?: string | null | undefined; roleId?: string | null | undefined; }) => Promise<void>' is not assignable to parameter of type 'SubmitHandler<TFieldValues>'.
  Types of parameters 'data' and 'data' are incompatible.
    Type 'TFieldValues' is not assignable to type '{ name: string; dailyRate: number; isActive: boolean; phone?: string | null | undefined; idNumber?: string | null | undefined; roleId?: string | null | undefined; }'.
      Type 'FieldValues' is missing the following properties from type '{ name: string; dailyRate: number; isActive: boolean; phone?: string | null | undefined; idNumber?: string | null | undefined; roleId?: string | null | undefined; }': name, dailyRate, isActive
